<?xml version="1.0" encoding="UTF-8"?>
<!-- Generated by org.testng.reporters.JUnitReportReporter -->
<testsuite skipped="0" hostname="Siddharth-PC" name="com.siddharth.test.QuickTest.DragNDrop" tests="1" failures="0" timestamp="27 Oct 2016 13:18:38 GMT" time="5.415" errors="0">
  <testcase name="menuClick" time="5.415" classname="com.siddharth.test.QuickTest.DragNDrop"/>
</testsuite> <!-- com.siddharth.test.QuickTest.DragNDrop -->
