<?xml version="1.0" encoding="UTF-8"?>
<!-- Generated by org.testng.reporters.JUnitReportReporter -->
<testsuite skipped="0" hostname="Siddharth-PC" name="com.siddharth.test.QuickTest.AutoSuggest" tests="1" failures="0" timestamp="26 Oct 2016 13:02:17 GMT" time="11.099" errors="0">
  <testcase name="googleSuggest" time="11.099" classname="com.siddharth.test.QuickTest.AutoSuggest"/>
</testsuite> <!-- com.siddharth.test.QuickTest.AutoSuggest -->
