<?xml version="1.0" encoding="UTF-8"?>
<!-- Generated by org.testng.reporters.JUnitReportReporter -->
<testsuite skipped="0" hostname="Siddharth-PC" name="com.siddharth.test.QuickTest.WebTableSelectTextClass" tests="1" failures="0" timestamp="4 Oct 2016 09:29:47 GMT" time="90.703" errors="0">
  <testcase name="WebTable" time="90.703" classname="com.siddharth.test.QuickTest.WebTableSelectTextClass"/>
</testsuite> <!-- com.siddharth.test.QuickTest.WebTableSelectTextClass -->
