<?xml version="1.0" encoding="UTF-8"?>
<!-- Generated by org.testng.reporters.JUnitReportReporter -->
<testsuite skipped="0" hostname="Siddharth-PC" name="way2AutomationClass.AppInstalltion" tests="1" failures="0" timestamp="3 Nov 2016 13:38:32 GMT" time="0.012" errors="0">
  <testcase name="install" time="0.012" classname="way2AutomationClass.AppInstalltion"/>
</testsuite> <!-- way2AutomationClass.AppInstalltion -->
