<?xml version="1.0" encoding="UTF-8"?>
<!-- Generated by org.testng.reporters.JUnitReportReporter -->
<testsuite skipped="0" hostname="Siddharth-PC" name="com.siddharth.test.QuickTest.checkAllCheckBox" tests="1" failures="0" timestamp="10 Oct 2016 13:49:17 GMT" time="12.326" errors="0">
  <testcase name="checkBox" time="12.326" classname="com.siddharth.test.QuickTest.checkAllCheckBox"/>
</testsuite> <!-- com.siddharth.test.QuickTest.checkAllCheckBox -->
