<?xml version="1.0" encoding="UTF-8"?>
<!-- Generated by org.testng.reporters.JUnitReportReporter -->
<testsuite skipped="0" hostname="Siddharth-PC" name="com.siddharth.test.QuickTest.dynamic_table" tests="1" failures="0" timestamp="4 Oct 2016 07:42:45 GMT" time="0.239" errors="0">
  <testcase name="Handle_Dynamic_Webtable" time="0.239" classname="com.siddharth.test.QuickTest.dynamic_table"/>
</testsuite> <!-- com.siddharth.test.QuickTest.dynamic_table -->
