<?xml version="1.0" encoding="UTF-8"?>
<!-- Generated by org.testng.reporters.JUnitReportReporter -->
<testsuite skipped="0" hostname="Siddharth-PC" name="com.siddharth.test.QuickTest.ClickOnMenu" tests="1" failures="0" timestamp="27 Oct 2016 12:34:25 GMT" time="0.587" errors="0">
  <testcase name="menuClick" time="0.587" classname="com.siddharth.test.QuickTest.ClickOnMenu"/>
</testsuite> <!-- com.siddharth.test.QuickTest.ClickOnMenu -->
