<?xml version="1.0" encoding="UTF-8"?>
<!-- Generated by org.testng.reporters.JUnitReportReporter -->
<testsuite skipped="0" hostname="Siddharth-PC" name="com.siddharth.test.QuickTest.Table" tests="1" failures="0" timestamp="4 Oct 2016 10:19:32 GMT" time="0.449" errors="0">
  <testcase name="print_data" time="0.449" classname="com.siddharth.test.QuickTest.Table"/>
</testsuite> <!-- com.siddharth.test.QuickTest.Table -->
