<?xml version="1.0" encoding="UTF-8"?>
<!-- Generated by org.testng.reporters.JUnitReportReporter -->
<testsuite skipped="0" hostname="Siddharth-PC" name="way2AutomationClass.TestDailer" tests="1" failures="0" timestamp="4 Nov 2016 10:19:42 GMT" time="0.006" errors="0">
  <testcase name="Phonedailer" time="0.006" classname="way2AutomationClass.TestDailer"/>
</testsuite> <!-- way2AutomationClass.TestDailer -->
