<?xml version="1.0" encoding="UTF-8"?>
<!-- Generated by org.testng.reporters.JUnitReportReporter -->
<testsuite skipped="0" hostname="Siddharth-PC" name="com.siddharth.test.QuickTest.Yaatra" tests="1" failures="0" timestamp="24 Oct 2016 08:45:20 GMT" time="35.133" errors="0">
  <testcase name="textFlight" time="35.133" classname="com.siddharth.test.QuickTest.Yaatra"/>
</testsuite> <!-- com.siddharth.test.QuickTest.Yaatra -->
